[inst #1] addiu $9,$0,-1
Register Write to Reg: 0x09 Val: 0xFFFFFFFF
[inst #2] addiu $10,$0,0
Register Write to Reg: 0x0A Val: 0x00000000
[inst #3] lui $1,4660
Register Write to Reg: 0x01 Val: 0x12340000
[inst #4] ori $1,$1,43981
Register Write to Reg: 0x01 Val: 0x1234ABCD
[inst #5] addu $11,$0,$1
Register Write to Reg: 0x0B Val: 0x1234ABCD
[inst #6] lui $1,-4081
Register Write to Reg: 0x01 Val: 0xF00F0000
[inst #7] ori $1,$1,2448
Register Write to Reg: 0x01 Val: 0xF00F0990
[inst #8] addu $12,$0,$1
Register Write to Reg: 0x0C Val: 0xF00F0990
[inst #9] lui $1,-28360
Register Write to Reg: 0x01 Val: 0x91380000
[inst #10] ori $1,$1,9251
Register Write to Reg: 0x01 Val: 0x91382423
[inst #11] addu $13,$0,$1
Register Write to Reg: 0x0D Val: 0x91382423
[inst #12] lui $1,4112
Register Write to Reg: 0x01 Val: 0x10100000
[inst #13] ori $1,$1,4112
Register Write to Reg: 0x01 Val: 0x10101010
[inst #14] addu $14,$0,$1
Register Write to Reg: 0x0E Val: 0x10101010
[inst #15] lui $1,-12885
Register Write to Reg: 0x01 Val: 0xCDAB0000
[inst #16] ori $1,$1,39030
Register Write to Reg: 0x01 Val: 0xCDAB9876
[inst #17] addu $15,$0,$1
Register Write to Reg: 0x0F Val: 0xCDAB9876
[inst #18] nor $16,$9,$0
Register Write to Reg: 0x10 Val: 0x00000000
[inst #19] nor $17,$0,$9
Register Write to Reg: 0x11 Val: 0x00000000
[inst #20] nor $18,$9,$11
Register Write to Reg: 0x12 Val: 0x00000000
[inst #21] nor $19,$11,$13
Register Write to Reg: 0x13 Val: 0x6CC35010
[inst #22] nor $20,$13,$15
Register Write to Reg: 0x14 Val: 0x22444388
[inst #23] nor $21,$15,$14
Register Write to Reg: 0x15 Val: 0x22446789
[inst #24] nor $22,$14,$12
Register Write to Reg: 0x16 Val: 0x0FE0E66F
[inst #25] nor $23,$12,$10
Register Write to Reg: 0x17 Val: 0x0FF0F66F
[inst #26] nor $18,$11,$9
Register Write to Reg: 0x12 Val: 0x00000000
[inst #27] nor $19,$13,$11
Register Write to Reg: 0x13 Val: 0x6CC35010
[inst #28] nor $20,$15,$13
Register Write to Reg: 0x14 Val: 0x22444388
[inst #29] nor $21,$14,$15
Register Write to Reg: 0x15 Val: 0x22446789
[inst #30] nor $22,$12,$14
Register Write to Reg: 0x16 Val: 0x0FE0E66F
[inst #31] nor $23,$10,$12
Register Write to Reg: 0x17 Val: 0x0FF0F66F
[inst #32] halt 

