In clock cycle: 3
Register Write to Reg: 0x00 Val: 0x00000000
In clock cycle: 4
Register Write to Reg: 0x09 Val: 0x00000000
In clock cycle: 5
Register Write to Reg: 0x0A Val: 0x00000000
In clock cycle: 6
Register Write to Reg: 0x04 Val: 0x00000000
In clock cycle: 7
Register Write to Reg: 0x09 Val: 0x00000000
In clock cycle: 8
Register Write to Reg: 0x0A Val: 0x00000000
In clock cycle: 9
Register Write to Reg: 0x01 Val: 0x21340000
In clock cycle: 10
Register Write to Reg: 0x01 Val: 0x21345120
In clock cycle: 11
Register Write to Reg: 0x09 Val: 0x21345120
In clock cycle: 12
Register Write to Reg: 0x01 Val: 0x10140000
In clock cycle: 13
Register Write to Reg: 0x01 Val: 0x10141000
In clock cycle: 14
Register Write to Reg: 0x0A Val: 0x10141000
In clock cycle: 15
Register Write to Reg: 0x04 Val: 0x00141000
In clock cycle: 16
Register Write to Reg: 0x04 Val: 0x00000000
In clock cycle: 17
Register Write to Reg: 0x01 Val: 0xAFED0000
In clock cycle: 18
Register Write to Reg: 0x01 Val: 0xAFEDCBDE
In clock cycle: 19
Register Write to Reg: 0x09 Val: 0xAFEDCBDE
In clock cycle: 20
Register Write to Reg: 0x01 Val: 0x88880000
In clock cycle: 21
Register Write to Reg: 0x01 Val: 0x88888888
In clock cycle: 22
Register Write to Reg: 0x0A Val: 0x88888888
In clock cycle: 23
Register Write to Reg: 0x04 Val: 0x88888888
In clock cycle: 24
Register Write to Reg: 0x04 Val: 0x00000000
Execution is stopping! Clock Cycle: 25
