In clock cycle: 3
Register Write to Reg: 0x00 Val: 0x00000000
In clock cycle: 4
Register Write to Reg: 0x08 Val: 0x00000000
In clock cycle: 5
Register Write to Reg: 0x08 Val: 0xFFFF0000
In clock cycle: 6
Register Write to Reg: 0x08 Val: 0x00000000
In clock cycle: 7
Register Write to Reg: 0x09 Val: 0xCD140000
In clock cycle: 8
Register Write to Reg: 0x0A Val: 0x7FFF0000
In clock cycle: 9
Register Write to Reg: 0x0B Val: 0x44440000
In clock cycle: 10
Register Write to Reg: 0x0C Val: 0xABCD0000
In clock cycle: 11
Register Write to Reg: 0x0D Val: 0x03810000
In clock cycle: 12
Register Write to Reg: 0x0E Val: 0x1FFF0000
In clock cycle: 13
Register Write to Reg: 0x0F Val: 0x84630000
In clock cycle: 14
Register Write to Reg: 0x18 Val: 0x0FFF0000
In clock cycle: 15
Register Write to Reg: 0x19 Val: 0x00000000
In clock cycle: 16
Register Write to Reg: 0x08 Val: 0x00010000
In clock cycle: 17
Register Write to Reg: 0x08 Val: 0x00210000
In clock cycle: 18
Register Write to Reg: 0x08 Val: 0xFFFF0000
In clock cycle: 19
Register Write to Reg: 0x01 Val: 0x00000000
In clock cycle: 20
Register Write to Reg: 0x01 Val: 0x0000FFFF
In clock cycle: 21
Register Write to Reg: 0x08 Val: 0xFFFFFFFF
In clock cycle: 22
Register Write to Reg: 0x08 Val: 0xFFFF0000
In clock cycle: 23
Register Write to Reg: 0x01 Val: 0x00010000
In clock cycle: 24
Register Write to Reg: 0x01 Val: 0x00010000
In clock cycle: 25
Register Write to Reg: 0x08 Val: 0x00000000
In clock cycle: 26
Register Write to Reg: 0x08 Val: 0x00000000
Execution is stopping! Clock Cycle: 27
