[inst #1] addiu $9,$0,-1
Register Write to Reg: 0x09 Val: 0xFFFFFFFF
[inst #2] addiu $10,$0,0
Register Write to Reg: 0x0A Val: 0x00000000
[inst #3] lui $1,4660
Register Write to Reg: 0x01 Val: 0x12340000
[inst #4] ori $1,$1,43981
Register Write to Reg: 0x01 Val: 0x1234ABCD
[inst #5] addu $11,$0,$1
Register Write to Reg: 0x0B Val: 0x1234ABCD
[inst #6] lui $1,-4081
Register Write to Reg: 0x01 Val: 0xF00F0000
[inst #7] ori $1,$1,2448
Register Write to Reg: 0x01 Val: 0xF00F0990
[inst #8] addu $12,$0,$1
Register Write to Reg: 0x0C Val: 0xF00F0990
[inst #9] lui $1,-28360
Register Write to Reg: 0x01 Val: 0x91380000
[inst #10] ori $1,$1,9251
Register Write to Reg: 0x01 Val: 0x91382423
[inst #11] addu $13,$0,$1
Register Write to Reg: 0x0D Val: 0x91382423
[inst #12] lui $1,4112
Register Write to Reg: 0x01 Val: 0x10100000
[inst #13] ori $1,$1,4112
Register Write to Reg: 0x01 Val: 0x10101010
[inst #14] addu $14,$0,$1
Register Write to Reg: 0x0E Val: 0x10101010
[inst #15] lui $1,-12885
Register Write to Reg: 0x01 Val: 0xCDAB0000
[inst #16] ori $1,$1,39030
Register Write to Reg: 0x01 Val: 0xCDAB9876
[inst #17] addu $15,$0,$1
Register Write to Reg: 0x0F Val: 0xCDAB9876
[inst #18] addiu $24,$0,0
Register Write to Reg: 0x18 Val: 0x00000000
[inst #19] addiu $25,$0,-1
Register Write to Reg: 0x19 Val: 0xFFFFFFFF
[inst #20] nor $1,$11,$12
Register Write to Reg: 0x01 Val: 0x0DC05422
[inst #21] nor $2,$1,$13
Register Write to Reg: 0x02 Val: 0x62078BDC
[inst #22] nor $3,$2,$14
Register Write to Reg: 0x03 Val: 0x8DE86423
[inst #23] nor $4,$3,$15
Register Write to Reg: 0x04 Val: 0x32140388
[inst #24] nor $5,$4,$10
Register Write to Reg: 0x05 Val: 0xCDEBFC77
[inst #25] nor $6,$2,$3
Register Write to Reg: 0x06 Val: 0x10101000
[inst #26] nor $7,$4,$6
Register Write to Reg: 0x07 Val: 0xCDEBEC77
[inst #27] nor $8,$11,$7
Register Write to Reg: 0x08 Val: 0x20001000
[inst #28] nor $9,$8,$13
Register Write to Reg: 0x09 Val: 0x4EC7CBDC
[inst #29] nor $10,$9,$12
Register Write to Reg: 0x0A Val: 0x01303423
[inst #30] nor $11,$10,$11
Register Write to Reg: 0x0B Val: 0xECCB4010
[inst #31] nor $12,$11,$25
Register Write to Reg: 0x0C Val: 0x00000000
[inst #32] halt 

