In clock cycle: 3
Register Write to Reg: 0x00 Val: 0x00000000
In clock cycle: 4
Register Write to Reg: 0x09 Val: 0xFFFFFFFF
In clock cycle: 5
Register Write to Reg: 0x0A Val: 0x00000000
In clock cycle: 6
Register Write to Reg: 0x01 Val: 0x12340000
In clock cycle: 7
Register Write to Reg: 0x01 Val: 0x1234ABCD
In clock cycle: 8
Register Write to Reg: 0x0B Val: 0x1234ABCD
In clock cycle: 9
Register Write to Reg: 0x01 Val: 0xF00F0000
In clock cycle: 10
Register Write to Reg: 0x01 Val: 0xF00F0990
In clock cycle: 11
Register Write to Reg: 0x0C Val: 0xF00F0990
In clock cycle: 12
Register Write to Reg: 0x01 Val: 0x91380000
In clock cycle: 13
Register Write to Reg: 0x01 Val: 0x91382423
In clock cycle: 14
Register Write to Reg: 0x0D Val: 0x91382423
In clock cycle: 15
Register Write to Reg: 0x01 Val: 0x10100000
In clock cycle: 16
Register Write to Reg: 0x01 Val: 0x10101010
In clock cycle: 17
Register Write to Reg: 0x0E Val: 0x10101010
In clock cycle: 18
Register Write to Reg: 0x01 Val: 0xCDAB0000
In clock cycle: 19
Register Write to Reg: 0x01 Val: 0xCDAB9876
In clock cycle: 20
Register Write to Reg: 0x0F Val: 0xCDAB9876
In clock cycle: 21
Register Write to Reg: 0x18 Val: 0x00000000
In clock cycle: 22
Register Write to Reg: 0x19 Val: 0xFFFFFFFF
In clock cycle: 23
Register Write to Reg: 0x01 Val: 0x0DC05422
In clock cycle: 24
Register Write to Reg: 0x02 Val: 0x62078BDC
In clock cycle: 25
Register Write to Reg: 0x03 Val: 0x8DE86423
In clock cycle: 26
Register Write to Reg: 0x04 Val: 0x32140388
In clock cycle: 27
Register Write to Reg: 0x05 Val: 0xCDEBFC77
In clock cycle: 28
Register Write to Reg: 0x06 Val: 0x10101000
In clock cycle: 29
Register Write to Reg: 0x07 Val: 0xCDEBEC77
In clock cycle: 30
Register Write to Reg: 0x08 Val: 0x20001000
In clock cycle: 31
Register Write to Reg: 0x09 Val: 0x4EC7CBDC
In clock cycle: 32
Register Write to Reg: 0x0A Val: 0x01303423
In clock cycle: 33
Register Write to Reg: 0x0B Val: 0xECCB4010
In clock cycle: 34
Register Write to Reg: 0x0C Val: 0x00000000
Execution is stopping! Clock Cycle: 35
