In clock cycle: 3
Register Write to Reg: 0x00 Val: 0x00000000
In clock cycle: 4
Register Write to Reg: 0x09 Val: 0x10000000
In clock cycle: 5
Register Write to Reg: 0x08 Val: 0xABCD0000
In clock cycle: 6
Register Write to Reg: 0x08 Val: 0xABCDEFAA
In clock cycle: 6
Memory Write to Addr: 0x10000000 Val: 0xABCDEFAA
In clock cycle: 8
Register Write to Reg: 0x08 Val: 0x12340000
In clock cycle: 9
Register Write to Reg: 0x08 Val: 0x12345678
In clock cycle: 9
Memory Write to Addr: 0x10000004 Val: 0x12345678
In clock cycle: 11
Register Write to Reg: 0x08 Val: 0xABCD0000
In clock cycle: 12
Register Write to Reg: 0x08 Val: 0xABCDEFAA
In clock cycle: 12
Memory Write to Addr: 0x10000008 Val: 0xABCDEFAA
In clock cycle: 14
Register Write to Reg: 0x08 Val: 0x12340000
In clock cycle: 15
Register Write to Reg: 0x08 Val: 0x12345678
In clock cycle: 15
Memory Write to Addr: 0x1000000C Val: 0x12345678
Execution is stopping! Clock Cycle: 17
