Reading pref.tcl

# 2023.2_2

# vsim -postsimdataflow -debugdb -c -voptargs=""+acc"" tb -do "modelsim_framework.do" -gOUTPUT_TRACE=ms.trace 
# Start time: 17:05:32 on Nov 28,2023
# ** Note: (vsim-8009) Loading existing optimized design _opt
# //  Questa Sim-64
# //  Version 2023.2_2 linux_x86_64 Jun  9 2023
# //
# //  Copyright 1991-2023 Mentor Graphics Corporation
# //  All Rights Reserved.
# //
# //  QuestaSim and its associated documentation contain trade
# //  secrets and commercial or financial information that are the property of
# //  Mentor Graphics Corporation and are privileged, confidential,
# //  and exempt from disclosure under the Freedom of Information Act,
# //  5 U.S.C. Section 552. Furthermore, this information
# //  is prohibited from disclosure under the Trade Secrets Act,
# //  18 U.S.C. Section 1905.
# //
# Loading std.standard
# Loading std.textio(body)
# Loading ieee.std_logic_1164(body)
# Loading ieee.std_logic_textio(body)
# Loading std.env(body)
# Loading work.tb(mixed)#1
# Loading ieee.numeric_std(body)
# Loading work.mips_types(body)
# Loading work.mips_processor(structure)#1
# Loading work.mem(rtl)#1
# Loading work.pipelinereg(structural)#1
# Loading work.regnbit(structural)#1
# Loading work.dffg(mixed)#1
# Loading work.regnbit(structural)#2
# Loading work.regnbit(structural)#3
# Loading work.regnbit(structural)#4
# Loading work.regnbit(structural)#5
# Loading work.regnbit(structural)#6
# Loading work.control(structural)#1
# Loading work.decoder6t64(dataflow)#1
# Loading work.extend1632(dataflow)#1
# Loading work.regfile(structural)#1
# Loading work.decoder5t32(dataflow)#1
# Loading work.mux32t1_array(dataflow)#1
# Loading work.alu(structural)#1
# Loading work.cla_32(structural)#1
# Loading work.cla_8_ext(dataflow)#1
# Loading work.shifter(dataflow)#1
# Loading work.lui(dataflow)#1
# Loading work.nor_32(dataflow)#1
# Loading work.or_32(dataflow)#1
# Loading work.xor_32(dataflow)#1
# Loading work.and_32(dataflow)#1
# Loading work.neg_ext(dataflow)#1
# Loading work.pc(structural)#1
# Loading work.hf(mixed)#1
# ** Warning: (vsim-3479) Time unit 'ps' is less than the simulator resolution (1ns).
#    Time: 0 ns  Iteration: 0  Instance: /tb/MyMips/HF0
# ** Note: (vsim-8716) Reusing existing debug database vsim.dbg.
# do modelsim_framework.do
# ** Warning: NUMERIC_STD.TO_INTEGER: metavalue detected, returning 0
#    Time: 0 ns  Iteration: 0  Instance: /tb/MyMips/reg/muxrt
# ** Warning: NUMERIC_STD.TO_INTEGER: metavalue detected, returning 0
#    Time: 0 ns  Iteration: 0  Instance: /tb/MyMips/reg/muxrs
# ** Warning: NUMERIC_STD.TO_INTEGER: metavalue detected, returning 0
#    Time: 0 ns  Iteration: 0  Instance: /tb/MyMips/DMem
# ** Warning: NUMERIC_STD.TO_INTEGER: metavalue detected, returning 0
#    Time: 0 ns  Iteration: 0  Instance: /tb/MyMips/IMem
# ** Warning: NUMERIC_STD.TO_INTEGER: metavalue detected, returning 0
#    Time: 0 ns  Iteration: 2  Instance: /tb/MyMips/reg/muxrs
# ** Warning: NUMERIC_STD.TO_INTEGER: metavalue detected, returning 0
#    Time: 0 ns  Iteration: 2  Instance: /tb/MyMips/reg/muxrt
# ** Warning: NUMERIC_STD.TO_INTEGER: metavalue detected, returning 0
#    Time: 5 ns  Iteration: 3  Instance: /tb/MyMips/reg/muxrs
# ** Warning: NUMERIC_STD.TO_INTEGER: metavalue detected, returning 0
#    Time: 5 ns  Iteration: 3  Instance: /tb/MyMips/reg/muxrt
# ** Warning: NUMERIC_STD.TO_INTEGER: metavalue detected, returning 0
#    Time: 320 ns  Iteration: 4  Instance: /tb/MyMips/reg/muxrs
# ** Warning: NUMERIC_STD.TO_INTEGER: metavalue detected, returning 0
#    Time: 320 ns  Iteration: 4  Instance: /tb/MyMips/reg/muxrt
# ** Warning: NUMERIC_STD.TO_INTEGER: metavalue detected, returning 0
#    Time: 330 ns  Iteration: 4  Instance: /tb/MyMips/reg/muxrs
# ** Warning: NUMERIC_STD.TO_INTEGER: metavalue detected, returning 0
#    Time: 330 ns  Iteration: 4  Instance: /tb/MyMips/reg/muxrt
# ** Note: Data structure takes 59049752 bytes of memory
#          Process time 0.07 seconds
#          stop
#    Time: 380 ns  Iteration: 1  Instance: /tb
# Break in Process P_DUMP_STATE at /home/vsjain/Desktop/cpre381-toolflow/internal/testpy/tb.vhd line 150
# Stopped at /home/vsjain/Desktop/cpre381-toolflow/internal/testpy/tb.vhd line 150
# End time: 17:05:33 on Nov 28,2023, Elapsed time: 0:00:01
# Errors: 0, Warnings: 13
