Info: *******************************************************************
Info: Running Quartus Prime Analysis & Synthesis
    Info: Version 20.1.1 Build 720 11/11/2020 SJ Standard Edition
    Info: Copyright (C) 2020  Intel Corporation. All rights reserved.
    Info: Your use of Intel Corporation's design tools, logic functions 
    Info: and other software and tools, and any partner logic 
    Info: functions, and any output files from any of the foregoing 
    Info: (including device programming or simulation files), and any 
    Info: associated documentation or information are expressly subject 
    Info: to the terms and conditions of the Intel Program License 
    Info: Subscription Agreement, the Intel Quartus Prime License Agreement,
    Info: the Intel FPGA IP License Agreement, or other applicable license
    Info: agreement, including, without limitation, that your use is for
    Info: the sole purpose of programming logic devices manufactured by
    Info: Intel and sold by Intel or its authorized distributors.  Please
    Info: refer to the applicable agreement for further details, at
    Info: https://fpgasoftware.intel.com/eula.
    Info: Processing started: Tue Nov 28 16:59:51 2023
Info: Command: quartus_map --read_settings_files=on --write_settings_files=off toolflow -c toolflow
Warning (18236): Number of processors has not been specified which may cause overloading on shared machines.  Set the global assignment NUM_PARALLEL_PROCESSORS in your QSF to an appropriate value for best performance.
Info (20030): Parallel compilation is enabled and will use 12 of the 12 processors detected
Info (12021): Found 2 design units, including 1 entities, in source file /home/vsjain/Desktop/cpre381-toolflow/proj/src/ALU/ALU.vhd
    Info (12022): Found design unit 1: ALU-structural File: /home/vsjain/Desktop/cpre381-toolflow/proj/src/ALU/ALU.vhd Line: 20
    Info (12023): Found entity 1: ALU File: /home/vsjain/Desktop/cpre381-toolflow/proj/src/ALU/ALU.vhd Line: 4
Info (12021): Found 2 design units, including 1 entities, in source file /home/vsjain/Desktop/cpre381-toolflow/proj/src/ALU/And_32.vhd
    Info (12022): Found design unit 1: And_32-dataflow File: /home/vsjain/Desktop/cpre381-toolflow/proj/src/ALU/And_32.vhd Line: 10
    Info (12023): Found entity 1: And_32 File: /home/vsjain/Desktop/cpre381-toolflow/proj/src/ALU/And_32.vhd Line: 4
Info (12021): Found 2 design units, including 1 entities, in source file /home/vsjain/Desktop/cpre381-toolflow/proj/src/ALU/CLA_32.vhd
    Info (12022): Found design unit 1: CLA_32-structural File: /home/vsjain/Desktop/cpre381-toolflow/proj/src/ALU/CLA_32.vhd Line: 15
    Info (12023): Found entity 1: CLA_32 File: /home/vsjain/Desktop/cpre381-toolflow/proj/src/ALU/CLA_32.vhd Line: 4
Info (12021): Found 2 design units, including 1 entities, in source file /home/vsjain/Desktop/cpre381-toolflow/proj/src/ALU/CLA_8_ext.vhd
    Info (12022): Found design unit 1: CLA_8_ext-dataflow File: /home/vsjain/Desktop/cpre381-toolflow/proj/src/ALU/CLA_8_ext.vhd Line: 14
    Info (12023): Found entity 1: CLA_8_ext File: /home/vsjain/Desktop/cpre381-toolflow/proj/src/ALU/CLA_8_ext.vhd Line: 4
Info (12021): Found 2 design units, including 1 entities, in source file /home/vsjain/Desktop/cpre381-toolflow/proj/src/ALU/LUI.vhd
    Info (12022): Found design unit 1: LUI-dataflow File: /home/vsjain/Desktop/cpre381-toolflow/proj/src/ALU/LUI.vhd Line: 9
    Info (12023): Found entity 1: LUI File: /home/vsjain/Desktop/cpre381-toolflow/proj/src/ALU/LUI.vhd Line: 4
Info (12021): Found 2 design units, including 1 entities, in source file /home/vsjain/Desktop/cpre381-toolflow/proj/src/ALU/Neg_ext.vhd
    Info (12022): Found design unit 1: Neg_ext-dataflow File: /home/vsjain/Desktop/cpre381-toolflow/proj/src/ALU/Neg_ext.vhd Line: 9
    Info (12023): Found entity 1: Neg_ext File: /home/vsjain/Desktop/cpre381-toolflow/proj/src/ALU/Neg_ext.vhd Line: 4
Info (12021): Found 2 design units, including 1 entities, in source file /home/vsjain/Desktop/cpre381-toolflow/proj/src/ALU/Nor_32.vhd
    Info (12022): Found design unit 1: Nor_32-dataflow File: /home/vsjain/Desktop/cpre381-toolflow/proj/src/ALU/Nor_32.vhd Line: 10
    Info (12023): Found entity 1: Nor_32 File: /home/vsjain/Desktop/cpre381-toolflow/proj/src/ALU/Nor_32.vhd Line: 4
Info (12021): Found 2 design units, including 1 entities, in source file /home/vsjain/Desktop/cpre381-toolflow/proj/src/ALU/Or_32.vhd
    Info (12022): Found design unit 1: Or_32-dataflow File: /home/vsjain/Desktop/cpre381-toolflow/proj/src/ALU/Or_32.vhd Line: 10
    Info (12023): Found entity 1: Or_32 File: /home/vsjain/Desktop/cpre381-toolflow/proj/src/ALU/Or_32.vhd Line: 4
Info (12021): Found 2 design units, including 1 entities, in source file /home/vsjain/Desktop/cpre381-toolflow/proj/src/ALU/Shifter.vhd
    Info (12022): Found design unit 1: Shifter-dataflow File: /home/vsjain/Desktop/cpre381-toolflow/proj/src/ALU/Shifter.vhd Line: 12
    Info (12023): Found entity 1: Shifter File: /home/vsjain/Desktop/cpre381-toolflow/proj/src/ALU/Shifter.vhd Line: 4
Info (12021): Found 2 design units, including 1 entities, in source file /home/vsjain/Desktop/cpre381-toolflow/proj/src/ALU/Xor_32.vhd
    Info (12022): Found design unit 1: Xor_32-dataflow File: /home/vsjain/Desktop/cpre381-toolflow/proj/src/ALU/Xor_32.vhd Line: 10
    Info (12023): Found entity 1: Xor_32 File: /home/vsjain/Desktop/cpre381-toolflow/proj/src/ALU/Xor_32.vhd Line: 4
Info (12021): Found 2 design units, including 1 entities, in source file /home/vsjain/Desktop/cpre381-toolflow/proj/src/Control/Control.vhd
    Info (12022): Found design unit 1: Control-structural File: /home/vsjain/Desktop/cpre381-toolflow/proj/src/Control/Control.vhd Line: 35
    Info (12023): Found entity 1: Control File: /home/vsjain/Desktop/cpre381-toolflow/proj/src/Control/Control.vhd Line: 4
Info (12021): Found 2 design units, including 1 entities, in source file /home/vsjain/Desktop/cpre381-toolflow/proj/src/Control/Decoder6t64.vhd
    Info (12022): Found design unit 1: Decoder6t64-dataflow File: /home/vsjain/Desktop/cpre381-toolflow/proj/src/Control/Decoder6t64.vhd Line: 9
    Info (12023): Found entity 1: Decoder6t64 File: /home/vsjain/Desktop/cpre381-toolflow/proj/src/Control/Decoder6t64.vhd Line: 4
Info (12021): Found 2 design units, including 1 entities, in source file /home/vsjain/Desktop/cpre381-toolflow/proj/src/Extender/extend1632.vhd
    Info (12022): Found design unit 1: extend1632-dataflow File: /home/vsjain/Desktop/cpre381-toolflow/proj/src/Extender/extend1632.vhd Line: 10
    Info (12023): Found entity 1: extend1632 File: /home/vsjain/Desktop/cpre381-toolflow/proj/src/Extender/extend1632.vhd Line: 4
Info (12021): Found 2 design units, including 1 entities, in source file /home/vsjain/Desktop/cpre381-toolflow/proj/src/Hazard/HF.vhd
    Info (12022): Found design unit 1: HF-mixed File: /home/vsjain/Desktop/cpre381-toolflow/proj/src/Hazard/HF.vhd Line: 23
    Info (12023): Found entity 1: HF File: /home/vsjain/Desktop/cpre381-toolflow/proj/src/Hazard/HF.vhd Line: 4
Info (12021): Found 2 design units, including 0 entities, in source file /home/vsjain/Desktop/cpre381-toolflow/proj/src/MIPS_types.vhd
    Info (12022): Found design unit 1: MIPS_types File: /home/vsjain/Desktop/cpre381-toolflow/proj/src/MIPS_types.vhd Line: 15
    Info (12022): Found design unit 2: MIPS_types-body File: /home/vsjain/Desktop/cpre381-toolflow/proj/src/MIPS_types.vhd Line: 32
Info (12021): Found 2 design units, including 1 entities, in source file /home/vsjain/Desktop/cpre381-toolflow/proj/src/PC/PC.vhd
    Info (12022): Found design unit 1: PC-structural File: /home/vsjain/Desktop/cpre381-toolflow/proj/src/PC/PC.vhd Line: 19
    Info (12023): Found entity 1: PC File: /home/vsjain/Desktop/cpre381-toolflow/proj/src/PC/PC.vhd Line: 5
Info (12021): Found 2 design units, including 1 entities, in source file /home/vsjain/Desktop/cpre381-toolflow/proj/src/PipelineReg/PipelineReg.vhd
    Info (12022): Found design unit 1: PipelineReg-structural File: /home/vsjain/Desktop/cpre381-toolflow/proj/src/PipelineReg/PipelineReg.vhd Line: 55
    Info (12023): Found entity 1: PipelineReg File: /home/vsjain/Desktop/cpre381-toolflow/proj/src/PipelineReg/PipelineReg.vhd Line: 4
Info (12021): Found 2 design units, including 1 entities, in source file /home/vsjain/Desktop/cpre381-toolflow/proj/src/RegFile/Decoder5t32.vhd
    Info (12022): Found design unit 1: Decoder5t32-dataflow File: /home/vsjain/Desktop/cpre381-toolflow/proj/src/RegFile/Decoder5t32.vhd Line: 9
    Info (12023): Found entity 1: Decoder5t32 File: /home/vsjain/Desktop/cpre381-toolflow/proj/src/RegFile/Decoder5t32.vhd Line: 4
Info (12021): Found 2 design units, including 1 entities, in source file /home/vsjain/Desktop/cpre381-toolflow/proj/src/RegFile/RegFile.vhd
    Info (12022): Found design unit 1: RegFile-structural File: /home/vsjain/Desktop/cpre381-toolflow/proj/src/RegFile/RegFile.vhd Line: 18
    Info (12023): Found entity 1: RegFile File: /home/vsjain/Desktop/cpre381-toolflow/proj/src/RegFile/RegFile.vhd Line: 7
Info (12021): Found 2 design units, including 1 entities, in source file /home/vsjain/Desktop/cpre381-toolflow/proj/src/RegFile/RegNBit.vhd
    Info (12022): Found design unit 1: RegNBit-structural File: /home/vsjain/Desktop/cpre381-toolflow/proj/src/RegFile/RegNBit.vhd Line: 13
    Info (12023): Found entity 1: RegNBit File: /home/vsjain/Desktop/cpre381-toolflow/proj/src/RegFile/RegNBit.vhd Line: 4
Info (12021): Found 2 design units, including 1 entities, in source file /home/vsjain/Desktop/cpre381-toolflow/proj/src/RegFile/dffg.vhd
    Info (12022): Found design unit 1: dffg-mixed File: /home/vsjain/Desktop/cpre381-toolflow/proj/src/RegFile/dffg.vhd Line: 33
    Info (12023): Found entity 1: dffg File: /home/vsjain/Desktop/cpre381-toolflow/proj/src/RegFile/dffg.vhd Line: 23
Info (12021): Found 2 design units, including 1 entities, in source file /home/vsjain/Desktop/cpre381-toolflow/proj/src/RegFile/mux32t1_array.vhd
    Info (12022): Found design unit 1: mux32t1_array-dataflow File: /home/vsjain/Desktop/cpre381-toolflow/proj/src/RegFile/mux32t1_array.vhd Line: 13
    Info (12023): Found entity 1: mux32t1_array File: /home/vsjain/Desktop/cpre381-toolflow/proj/src/RegFile/mux32t1_array.vhd Line: 7
Info (12021): Found 2 design units, including 1 entities, in source file /home/vsjain/Desktop/cpre381-toolflow/proj/src/TopLevel/MIPS_Processor.vhd
    Info (12022): Found design unit 1: MIPS_Processor-structure File: /home/vsjain/Desktop/cpre381-toolflow/proj/src/TopLevel/MIPS_Processor.vhd Line: 36
    Info (12023): Found entity 1: MIPS_Processor File: /home/vsjain/Desktop/cpre381-toolflow/proj/src/TopLevel/MIPS_Processor.vhd Line: 24
Info (12021): Found 2 design units, including 1 entities, in source file /home/vsjain/Desktop/cpre381-toolflow/proj/src/TopLevel/mem.vhd
    Info (12022): Found design unit 1: mem-rtl File: /home/vsjain/Desktop/cpre381-toolflow/proj/src/TopLevel/mem.vhd Line: 27
    Info (12023): Found entity 1: mem File: /home/vsjain/Desktop/cpre381-toolflow/proj/src/TopLevel/mem.vhd Line: 8
Info (12127): Elaborating entity "MIPS_Processor" for the top level hierarchy
Warning (10036): Verilog HDL or VHDL warning at MIPS_Processor.vhd(45): object "s_RegWr" assigned a value but never read File: /home/vsjain/Desktop/cpre381-toolflow/proj/src/TopLevel/MIPS_Processor.vhd Line: 45
Warning (10036): Verilog HDL or VHDL warning at MIPS_Processor.vhd(55): object "s_Halt" assigned a value but never read File: /home/vsjain/Desktop/cpre381-toolflow/proj/src/TopLevel/MIPS_Processor.vhd Line: 55
Warning (10036): Verilog HDL or VHDL warning at MIPS_Processor.vhd(58): object "s_Ovfl" assigned a value but never read File: /home/vsjain/Desktop/cpre381-toolflow/proj/src/TopLevel/MIPS_Processor.vhd Line: 58
Info (12128): Elaborating entity "mem" for hierarchy "mem:IMem" File: /home/vsjain/Desktop/cpre381-toolflow/proj/src/TopLevel/MIPS_Processor.vhd Line: 321
Info (12128): Elaborating entity "PipelineReg" for hierarchy "PipelineReg:pipeReg" File: /home/vsjain/Desktop/cpre381-toolflow/proj/src/TopLevel/MIPS_Processor.vhd Line: 343
Info (12128): Elaborating entity "RegNBit" for hierarchy "PipelineReg:pipeReg|RegNBit:IFID" File: /home/vsjain/Desktop/cpre381-toolflow/proj/src/PipelineReg/PipelineReg.vhd Line: 101
Info (12128): Elaborating entity "dffg" for hierarchy "PipelineReg:pipeReg|RegNBit:IFID|dffg:\NDFF:0:DFFI" File: /home/vsjain/Desktop/cpre381-toolflow/proj/src/RegFile/RegNBit.vhd Line: 25
Info (12128): Elaborating entity "RegNBit" for hierarchy "PipelineReg:pipeReg|RegNBit:EXControl" File: /home/vsjain/Desktop/cpre381-toolflow/proj/src/PipelineReg/PipelineReg.vhd Line: 131
Info (12128): Elaborating entity "RegNBit" for hierarchy "PipelineReg:pipeReg|RegNBit:WBControl" File: /home/vsjain/Desktop/cpre381-toolflow/proj/src/PipelineReg/PipelineReg.vhd Line: 148
Info (12128): Elaborating entity "RegNBit" for hierarchy "PipelineReg:pipeReg|RegNBit:DestReg" File: /home/vsjain/Desktop/cpre381-toolflow/proj/src/PipelineReg/PipelineReg.vhd Line: 157
Info (12128): Elaborating entity "RegNBit" for hierarchy "PipelineReg:pipeReg|RegNBit:BrCtl" File: /home/vsjain/Desktop/cpre381-toolflow/proj/src/PipelineReg/PipelineReg.vhd Line: 211
Info (12128): Elaborating entity "RegNBit" for hierarchy "PipelineReg:pipeReg|RegNBit:Jump1" File: /home/vsjain/Desktop/cpre381-toolflow/proj/src/PipelineReg/PipelineReg.vhd Line: 330
Info (12128): Elaborating entity "Control" for hierarchy "Control:Control0" File: /home/vsjain/Desktop/cpre381-toolflow/proj/src/TopLevel/MIPS_Processor.vhd Line: 396
Info (12128): Elaborating entity "Decoder6t64" for hierarchy "Control:Control0|Decoder6t64:dec1" File: /home/vsjain/Desktop/cpre381-toolflow/proj/src/Control/Control.vhd Line: 45
Info (12128): Elaborating entity "extend1632" for hierarchy "extend1632:Extender" File: /home/vsjain/Desktop/cpre381-toolflow/proj/src/TopLevel/MIPS_Processor.vhd Line: 429
Info (12128): Elaborating entity "RegFile" for hierarchy "RegFile:reg" File: /home/vsjain/Desktop/cpre381-toolflow/proj/src/TopLevel/MIPS_Processor.vhd Line: 452
Info (12128): Elaborating entity "Decoder5t32" for hierarchy "RegFile:reg|Decoder5t32:decoder" File: /home/vsjain/Desktop/cpre381-toolflow/proj/src/RegFile/RegFile.vhd Line: 45
Info (12128): Elaborating entity "mux32t1_array" for hierarchy "RegFile:reg|mux32t1_array:muxrs" File: /home/vsjain/Desktop/cpre381-toolflow/proj/src/RegFile/RegFile.vhd Line: 96
Info (12128): Elaborating entity "ALU" for hierarchy "ALU:ALU0" File: /home/vsjain/Desktop/cpre381-toolflow/proj/src/TopLevel/MIPS_Processor.vhd Line: 488
Info (12128): Elaborating entity "CLA_32" for hierarchy "ALU:ALU0|CLA_32:cla" File: /home/vsjain/Desktop/cpre381-toolflow/proj/src/ALU/ALU.vhd Line: 89
Info (12128): Elaborating entity "CLA_8_ext" for hierarchy "ALU:ALU0|CLA_32:cla|CLA_8_ext:CLA1" File: /home/vsjain/Desktop/cpre381-toolflow/proj/src/ALU/CLA_32.vhd Line: 47
Info (12128): Elaborating entity "Shifter" for hierarchy "ALU:ALU0|Shifter:shift" File: /home/vsjain/Desktop/cpre381-toolflow/proj/src/ALU/ALU.vhd Line: 106
Info (12128): Elaborating entity "LUI" for hierarchy "ALU:ALU0|LUI:lui32" File: /home/vsjain/Desktop/cpre381-toolflow/proj/src/ALU/ALU.vhd Line: 113
Info (12128): Elaborating entity "Nor_32" for hierarchy "ALU:ALU0|Nor_32:nor3_2" File: /home/vsjain/Desktop/cpre381-toolflow/proj/src/ALU/ALU.vhd Line: 117
Info (12128): Elaborating entity "Or_32" for hierarchy "ALU:ALU0|Or_32:or3_2" File: /home/vsjain/Desktop/cpre381-toolflow/proj/src/ALU/ALU.vhd Line: 122
Info (12128): Elaborating entity "Xor_32" for hierarchy "ALU:ALU0|Xor_32:xor3_2" File: /home/vsjain/Desktop/cpre381-toolflow/proj/src/ALU/ALU.vhd Line: 127
Info (12128): Elaborating entity "And_32" for hierarchy "ALU:ALU0|And_32:and3_2" File: /home/vsjain/Desktop/cpre381-toolflow/proj/src/ALU/ALU.vhd Line: 132
Info (12128): Elaborating entity "Neg_ext" for hierarchy "ALU:ALU0|Neg_ext:negex" File: /home/vsjain/Desktop/cpre381-toolflow/proj/src/ALU/ALU.vhd Line: 137
Info (12128): Elaborating entity "PC" for hierarchy "PC:progc" File: /home/vsjain/Desktop/cpre381-toolflow/proj/src/TopLevel/MIPS_Processor.vhd Line: 526
Info (12128): Elaborating entity "HF" for hierarchy "HF:HF0" File: /home/vsjain/Desktop/cpre381-toolflow/proj/src/TopLevel/MIPS_Processor.vhd Line: 540
Warning (10631): VHDL Process Statement warning at HF.vhd(75): inferring latch(es) for signal or variable "flush_if", which holds its previous value in one or more paths through the process File: /home/vsjain/Desktop/cpre381-toolflow/proj/src/Hazard/HF.vhd Line: 75
Warning (10631): VHDL Process Statement warning at HF.vhd(86): inferring latch(es) for signal or variable "flush_id", which holds its previous value in one or more paths through the process File: /home/vsjain/Desktop/cpre381-toolflow/proj/src/Hazard/HF.vhd Line: 86
Warning (10631): VHDL Process Statement warning at HF.vhd(97): inferring latch(es) for signal or variable "pc_re", which holds its previous value in one or more paths through the process File: /home/vsjain/Desktop/cpre381-toolflow/proj/src/Hazard/HF.vhd Line: 97
Warning (10631): VHDL Process Statement warning at HF.vhd(126): inferring latch(es) for signal or variable "pc_re_sel", which holds its previous value in one or more paths through the process File: /home/vsjain/Desktop/cpre381-toolflow/proj/src/Hazard/HF.vhd Line: 126
Info (10041): Inferred latch for "pc_re_sel" at HF.vhd(126) File: /home/vsjain/Desktop/cpre381-toolflow/proj/src/Hazard/HF.vhd Line: 126
Info (10041): Inferred latch for "pc_re" at HF.vhd(97) File: /home/vsjain/Desktop/cpre381-toolflow/proj/src/Hazard/HF.vhd Line: 97
Info (10041): Inferred latch for "flush_id" at HF.vhd(86) File: /home/vsjain/Desktop/cpre381-toolflow/proj/src/Hazard/HF.vhd Line: 86
Info (10041): Inferred latch for "flush_if" at HF.vhd(75) File: /home/vsjain/Desktop/cpre381-toolflow/proj/src/Hazard/HF.vhd Line: 75
Info (19000): Inferred 2 megafunctions from design logic
    Info (276029): Inferred altsyncram megafunction from the following design logic: "mem:DMem|ram_rtl_0" 
        Info (286033): Parameter OPERATION_MODE set to SINGLE_PORT
        Info (286033): Parameter WIDTH_A set to 32
        Info (286033): Parameter WIDTHAD_A set to 10
        Info (286033): Parameter NUMWORDS_A set to 1024
        Info (286033): Parameter OUTDATA_REG_A set to UNREGISTERED
        Info (286033): Parameter ADDRESS_ACLR_A set to NONE
        Info (286033): Parameter OUTDATA_ACLR_A set to NONE
        Info (286033): Parameter READ_DURING_WRITE_MODE_PORT_A set to OLD_DATA
        Info (286033): Parameter INDATA_ACLR_A set to NONE
        Info (286033): Parameter WRCONTROL_ACLR_A set to NONE
    Info (276029): Inferred altsyncram megafunction from the following design logic: "mem:IMem|ram_rtl_0" 
        Info (286033): Parameter OPERATION_MODE set to SINGLE_PORT
        Info (286033): Parameter WIDTH_A set to 32
        Info (286033): Parameter WIDTHAD_A set to 10
        Info (286033): Parameter NUMWORDS_A set to 1024
        Info (286033): Parameter OUTDATA_REG_A set to UNREGISTERED
        Info (286033): Parameter ADDRESS_ACLR_A set to NONE
        Info (286033): Parameter OUTDATA_ACLR_A set to NONE
        Info (286033): Parameter READ_DURING_WRITE_MODE_PORT_A set to OLD_DATA
        Info (286033): Parameter INDATA_ACLR_A set to NONE
        Info (286033): Parameter WRCONTROL_ACLR_A set to NONE
Info (12130): Elaborated megafunction instantiation "mem:DMem|altsyncram:ram_rtl_0"
Info (12133): Instantiated megafunction "mem:DMem|altsyncram:ram_rtl_0" with the following parameter:
    Info (12134): Parameter "OPERATION_MODE" = "SINGLE_PORT"
    Info (12134): Parameter "WIDTH_A" = "32"
    Info (12134): Parameter "WIDTHAD_A" = "10"
    Info (12134): Parameter "NUMWORDS_A" = "1024"
    Info (12134): Parameter "OUTDATA_REG_A" = "UNREGISTERED"
    Info (12134): Parameter "ADDRESS_ACLR_A" = "NONE"
    Info (12134): Parameter "OUTDATA_ACLR_A" = "NONE"
    Info (12134): Parameter "READ_DURING_WRITE_MODE_PORT_A" = "OLD_DATA"
    Info (12134): Parameter "INDATA_ACLR_A" = "NONE"
    Info (12134): Parameter "WRCONTROL_ACLR_A" = "NONE"
Info (12021): Found 1 design units, including 1 entities, in source file db/altsyncram_eg81.tdf
    Info (12023): Found entity 1: altsyncram_eg81 File: /home/vsjain/Desktop/cpre381-toolflow/internal/QuartusWork/db/altsyncram_eg81.tdf Line: 28
Info (286030): Timing-Driven Synthesis is running
Info (16010): Generating hard_block partition "hard_block:auto_generated_inst"
    Info (16011): Adding 0 node(s), including 0 DDIO, 0 PLL, 0 transceiver and 0 LCELL
Warning (21074): Design contains 22 input pin(s) that do not drive logic
    Warning (15610): No output dependent on input pin "iInstAddr[0]" File: /home/vsjain/Desktop/cpre381-toolflow/proj/src/TopLevel/MIPS_Processor.vhd Line: 29
    Warning (15610): No output dependent on input pin "iInstAddr[1]" File: /home/vsjain/Desktop/cpre381-toolflow/proj/src/TopLevel/MIPS_Processor.vhd Line: 29
    Warning (15610): No output dependent on input pin "iInstAddr[12]" File: /home/vsjain/Desktop/cpre381-toolflow/proj/src/TopLevel/MIPS_Processor.vhd Line: 29
    Warning (15610): No output dependent on input pin "iInstAddr[13]" File: /home/vsjain/Desktop/cpre381-toolflow/proj/src/TopLevel/MIPS_Processor.vhd Line: 29
    Warning (15610): No output dependent on input pin "iInstAddr[14]" File: /home/vsjain/Desktop/cpre381-toolflow/proj/src/TopLevel/MIPS_Processor.vhd Line: 29
    Warning (15610): No output dependent on input pin "iInstAddr[15]" File: /home/vsjain/Desktop/cpre381-toolflow/proj/src/TopLevel/MIPS_Processor.vhd Line: 29
    Warning (15610): No output dependent on input pin "iInstAddr[16]" File: /home/vsjain/Desktop/cpre381-toolflow/proj/src/TopLevel/MIPS_Processor.vhd Line: 29
    Warning (15610): No output dependent on input pin "iInstAddr[17]" File: /home/vsjain/Desktop/cpre381-toolflow/proj/src/TopLevel/MIPS_Processor.vhd Line: 29
    Warning (15610): No output dependent on input pin "iInstAddr[18]" File: /home/vsjain/Desktop/cpre381-toolflow/proj/src/TopLevel/MIPS_Processor.vhd Line: 29
    Warning (15610): No output dependent on input pin "iInstAddr[19]" File: /home/vsjain/Desktop/cpre381-toolflow/proj/src/TopLevel/MIPS_Processor.vhd Line: 29
    Warning (15610): No output dependent on input pin "iInstAddr[20]" File: /home/vsjain/Desktop/cpre381-toolflow/proj/src/TopLevel/MIPS_Processor.vhd Line: 29
    Warning (15610): No output dependent on input pin "iInstAddr[21]" File: /home/vsjain/Desktop/cpre381-toolflow/proj/src/TopLevel/MIPS_Processor.vhd Line: 29
    Warning (15610): No output dependent on input pin "iInstAddr[22]" File: /home/vsjain/Desktop/cpre381-toolflow/proj/src/TopLevel/MIPS_Processor.vhd Line: 29
    Warning (15610): No output dependent on input pin "iInstAddr[23]" File: /home/vsjain/Desktop/cpre381-toolflow/proj/src/TopLevel/MIPS_Processor.vhd Line: 29
    Warning (15610): No output dependent on input pin "iInstAddr[24]" File: /home/vsjain/Desktop/cpre381-toolflow/proj/src/TopLevel/MIPS_Processor.vhd Line: 29
    Warning (15610): No output dependent on input pin "iInstAddr[25]" File: /home/vsjain/Desktop/cpre381-toolflow/proj/src/TopLevel/MIPS_Processor.vhd Line: 29
    Warning (15610): No output dependent on input pin "iInstAddr[26]" File: /home/vsjain/Desktop/cpre381-toolflow/proj/src/TopLevel/MIPS_Processor.vhd Line: 29
    Warning (15610): No output dependent on input pin "iInstAddr[27]" File: /home/vsjain/Desktop/cpre381-toolflow/proj/src/TopLevel/MIPS_Processor.vhd Line: 29
    Warning (15610): No output dependent on input pin "iInstAddr[28]" File: /home/vsjain/Desktop/cpre381-toolflow/proj/src/TopLevel/MIPS_Processor.vhd Line: 29
    Warning (15610): No output dependent on input pin "iInstAddr[29]" File: /home/vsjain/Desktop/cpre381-toolflow/proj/src/TopLevel/MIPS_Processor.vhd Line: 29
    Warning (15610): No output dependent on input pin "iInstAddr[30]" File: /home/vsjain/Desktop/cpre381-toolflow/proj/src/TopLevel/MIPS_Processor.vhd Line: 29
    Warning (15610): No output dependent on input pin "iInstAddr[31]" File: /home/vsjain/Desktop/cpre381-toolflow/proj/src/TopLevel/MIPS_Processor.vhd Line: 29
Info (21057): Implemented 4602 device resources after synthesis - the final resource count might be different
    Info (21058): Implemented 67 input pins
    Info (21059): Implemented 32 output pins
    Info (21061): Implemented 4439 logic cells
    Info (21064): Implemented 64 RAM segments
Info: Quartus Prime Analysis & Synthesis was successful. 0 errors, 31 warnings
    Info: Peak virtual memory: 816 megabytes
    Info: Processing ended: Tue Nov 28 17:00:08 2023
    Info: Elapsed time: 00:00:17
    Info: Total CPU time (on all processors): 00:00:17
Info: *******************************************************************
Info: Running Quartus Prime Fitter
    Info: Version 20.1.1 Build 720 11/11/2020 SJ Standard Edition
    Info: Copyright (C) 2020  Intel Corporation. All rights reserved.
    Info: Your use of Intel Corporation's design tools, logic functions 
    Info: and other software and tools, and any partner logic 
    Info: functions, and any output files from any of the foregoing 
    Info: (including device programming or simulation files), and any 
    Info: associated documentation or information are expressly subject 
    Info: to the terms and conditions of the Intel Program License 
    Info: Subscription Agreement, the Intel Quartus Prime License Agreement,
    Info: the Intel FPGA IP License Agreement, or other applicable license
    Info: agreement, including, without limitation, that your use is for
    Info: the sole purpose of programming logic devices manufactured by
    Info: Intel and sold by Intel or its authorized distributors.  Please
    Info: refer to the applicable agreement for further details, at
    Info: https://fpgasoftware.intel.com/eula.
    Info: Processing started: Tue Nov 28 17:00:09 2023
Info: Command: quartus_fit --read_settings_files=on --write_settings_files=off toolflow -c toolflow
Info: qfit2_default_script.tcl version: #1
Info: Project  = toolflow
Info: Revision = toolflow
Warning (18236): Number of processors has not been specified which may cause overloading on shared machines.  Set the global assignment NUM_PARALLEL_PROCESSORS in your QSF to an appropriate value for best performance.
Info (20030): Parallel compilation is enabled and will use 12 of the 12 processors detected
Info (119006): Selected device EP4CE115F29C7 for design "toolflow"
Info (21076): High junction temperature operating condition is not set. Assuming a default value of '85'.
Info (21076): Low junction temperature operating condition is not set. Assuming a default value of '0'.
Info (171003): Fitter is performing an Auto Fit compilation, which may decrease Fitter effort to reduce compilation time
Info (176444): Device migration not selected. If you intend to use device migration later, you may need to change the pin assignments as they may be incompatible with other devices
    Info (176445): Device EP4CE40F29C7 is compatible
    Info (176445): Device EP4CE40F29I7 is compatible
    Info (176445): Device EP4CE30F29C7 is compatible
    Info (176445): Device EP4CE30F29I7 is compatible
    Info (176445): Device EP4CE55F29C7 is compatible
    Info (176445): Device EP4CE55F29I7 is compatible
    Info (176445): Device EP4CE75F29C7 is compatible
    Info (176445): Device EP4CE75F29I7 is compatible
    Info (176445): Device EP4CE115F29I7 is compatible
Info (169124): Fitter converted 5 user pins into dedicated programming pins
    Info (169125): Pin ~ALTERA_ASDO_DATA1~ is reserved at location F4
    Info (169125): Pin ~ALTERA_FLASH_nCE_nCSO~ is reserved at location E2
    Info (169125): Pin ~ALTERA_DCLK~ is reserved at location P3
    Info (169125): Pin ~ALTERA_DATA0~ is reserved at location N7
    Info (169125): Pin ~ALTERA_nCEO~ is reserved at location P28
Warning (15714): Some pins have incomplete I/O assignments. Refer to the I/O Assignment Warnings report for details
Info (176045): Design uses memory blocks. Violating setup or hold times of memory block address registers for either read or write operations could cause memory contents to be corrupted. Make sure that all memory block address registers meet the setup and hold time requirements.
Critical Warning (169085): No exact pin location assignment(s) for 99 pins of 99 total pins. For the list of pins please refer to the I/O Assignment Warnings table in the fitter report.
Warning (335093): The Timing Analyzer is analyzing 4 combinational loops as latches. For more details, run the Check Timing command in the Timing Analyzer or view the "User-Specified and Inferred Latches" table in the Analysis & Synthesis report.
Info (332104): Reading SDC File: 'toolflow.sdc'
Info (332129): Detected timing requirements -- optimizing circuit to achieve only the specified requirements
Info (332111): Found 1 clocks
    Info (332111):   Period   Clock Name
    Info (332111): ======== ============
    Info (332111):   20.000         iCLK
Info (176353): Automatically promoted node iCLK~input (placed in PIN J1 (CLK1, DIFFCLK_0n)) File: /home/vsjain/Desktop/cpre381-toolflow/proj/src/TopLevel/MIPS_Processor.vhd Line: 26
    Info (176355): Automatically promoted destinations to use location or clock signal Global Clock CLKCTRL_G2
    Info (176356): Following destination nodes may be non-global or may not use global or regional clocks
        Info (176357): Destination node HF:HF0|o_sel_rtd[1]~4 File: /home/vsjain/Desktop/cpre381-toolflow/proj/src/Hazard/HF.vhd Line: 19
        Info (176357): Destination node HF:HF0|o_sel_rtd[0]~5 File: /home/vsjain/Desktop/cpre381-toolflow/proj/src/Hazard/HF.vhd Line: 19
        Info (176357): Destination node HF:HF0|o_sel_rsd[1]~4 File: /home/vsjain/Desktop/cpre381-toolflow/proj/src/Hazard/HF.vhd Line: 18
        Info (176357): Destination node HF:HF0|o_sel_rsd[0]~5 File: /home/vsjain/Desktop/cpre381-toolflow/proj/src/Hazard/HF.vhd Line: 18
        Info (176357): Destination node Mux95~7 File: /home/vsjain/Desktop/cpre381-toolflow/proj/src/TopLevel/MIPS_Processor.vhd Line: 472
        Info (176357): Destination node PipelineReg:pipeReg|id_reset File: /home/vsjain/Desktop/cpre381-toolflow/proj/src/PipelineReg/PipelineReg.vhd Line: 90
        Info (176357): Destination node PipelineReg:pipeReg|if_reset File: /home/vsjain/Desktop/cpre381-toolflow/proj/src/PipelineReg/PipelineReg.vhd Line: 89
        Info (176357): Destination node Mux68~4 File: /home/vsjain/Desktop/cpre381-toolflow/proj/src/TopLevel/MIPS_Processor.vhd Line: 472
        Info (176357): Destination node Mux70~4 File: /home/vsjain/Desktop/cpre381-toolflow/proj/src/TopLevel/MIPS_Processor.vhd Line: 472
        Info (176357): Destination node Mux69~4 File: /home/vsjain/Desktop/cpre381-toolflow/proj/src/TopLevel/MIPS_Processor.vhd Line: 472
        Info (176358): Non-global destination nodes limited to 10 nodes
Info (176353): Automatically promoted node iRST~input (placed in PIN Y2 (CLK2, DIFFCLK_1p)) File: /home/vsjain/Desktop/cpre381-toolflow/proj/src/TopLevel/MIPS_Processor.vhd Line: 27
    Info (176355): Automatically promoted destinations to use location or clock signal Global Clock CLKCTRL_G4
    Info (176356): Following destination nodes may be non-global or may not use global or regional clocks
        Info (176357): Destination node PC:progc|RegNBit:progc|dffg:\NDFF:3:DFFI|s_Q File: /home/vsjain/Desktop/cpre381-toolflow/proj/src/RegFile/dffg.vhd Line: 53
        Info (176357): Destination node PC:progc|RegNBit:progc|dffg:\NDFF:4:DFFI|s_Q File: /home/vsjain/Desktop/cpre381-toolflow/proj/src/RegFile/dffg.vhd Line: 53
        Info (176357): Destination node PC:progc|RegNBit:progc|dffg:\NDFF:5:DFFI|s_Q File: /home/vsjain/Desktop/cpre381-toolflow/proj/src/RegFile/dffg.vhd Line: 53
        Info (176357): Destination node PC:progc|RegNBit:progc|dffg:\NDFF:6:DFFI|s_Q File: /home/vsjain/Desktop/cpre381-toolflow/proj/src/RegFile/dffg.vhd Line: 53
        Info (176357): Destination node PC:progc|RegNBit:progc|dffg:\NDFF:7:DFFI|s_Q File: /home/vsjain/Desktop/cpre381-toolflow/proj/src/RegFile/dffg.vhd Line: 53
        Info (176357): Destination node PC:progc|RegNBit:progc|dffg:\NDFF:8:DFFI|s_Q File: /home/vsjain/Desktop/cpre381-toolflow/proj/src/RegFile/dffg.vhd Line: 53
        Info (176357): Destination node PC:progc|RegNBit:progc|dffg:\NDFF:9:DFFI|s_Q File: /home/vsjain/Desktop/cpre381-toolflow/proj/src/RegFile/dffg.vhd Line: 53
        Info (176357): Destination node PC:progc|RegNBit:progc|dffg:\NDFF:10:DFFI|s_Q File: /home/vsjain/Desktop/cpre381-toolflow/proj/src/RegFile/dffg.vhd Line: 53
        Info (176357): Destination node PC:progc|RegNBit:progc|dffg:\NDFF:11:DFFI|s_Q File: /home/vsjain/Desktop/cpre381-toolflow/proj/src/RegFile/dffg.vhd Line: 53
        Info (176357): Destination node PC:progc|RegNBit:progc|dffg:\NDFF:12:DFFI|s_Q File: /home/vsjain/Desktop/cpre381-toolflow/proj/src/RegFile/dffg.vhd Line: 53
        Info (176358): Non-global destination nodes limited to 10 nodes
Info (176353): Automatically promoted node PipelineReg:pipeReg|id_reset  File: /home/vsjain/Desktop/cpre381-toolflow/proj/src/PipelineReg/PipelineReg.vhd Line: 90
    Info (176355): Automatically promoted destinations to use location or clock signal Global Clock
Info (176233): Starting register packing
Info (176235): Finished register packing
    Extra Info (176219): No registers were packed into other blocks
Info (176214): Statistics of I/O pins that need to be placed that use the same VCCIO and VREF, before I/O pin placement
    Info (176211): Number of I/O pins in group: 97 (unused VREF, 2.5V VCCIO, 65 input, 32 output, 0 bidirectional)
        Info (176212): I/O standards used: 2.5 V.
Info (176215): I/O bank details before I/O pin placement
    Info (176214): Statistics of I/O banks
        Info (176213): I/O bank number 1 does not use VREF pins and has undetermined VCCIO pins. 5 total pin(s) used --  51 pins available
        Info (176213): I/O bank number 2 does not use VREF pins and has undetermined VCCIO pins. 1 total pin(s) used --  62 pins available
        Info (176213): I/O bank number 3 does not use VREF pins and has undetermined VCCIO pins. 0 total pin(s) used --  73 pins available
        Info (176213): I/O bank number 4 does not use VREF pins and has undetermined VCCIO pins. 0 total pin(s) used --  71 pins available
        Info (176213): I/O bank number 5 does not use VREF pins and has undetermined VCCIO pins. 0 total pin(s) used --  65 pins available
        Info (176213): I/O bank number 6 does not use VREF pins and has undetermined VCCIO pins. 1 total pin(s) used --  57 pins available
        Info (176213): I/O bank number 7 does not use VREF pins and has undetermined VCCIO pins. 0 total pin(s) used --  72 pins available
        Info (176213): I/O bank number 8 does not use VREF pins and has undetermined VCCIO pins. 0 total pin(s) used --  71 pins available
Info (171121): Fitter preparation operations ending: elapsed time is 00:00:03
Info (14896): Fitter has disabled Advanced Physical Optimization because it is not supported for the current family.
Info (170189): Fitter placement preparation operations beginning
Info (170190): Fitter placement preparation operations ending: elapsed time is 00:00:00
Info (170191): Fitter placement operations beginning
Info (170137): Fitter placement was successful
Info (170192): Fitter placement operations ending: elapsed time is 00:00:05
Info (170193): Fitter routing operations beginning
Info (170195): Router estimated average interconnect usage is 1% of the available device resources
    Info (170196): Router estimated peak interconnect usage is 24% of the available device resources in the region that extends from location X23_Y24 to location X33_Y36
Info (170199): The Fitter performed an Auto Fit compilation.  Optimizations were skipped to reduce compilation time.
    Info (170201): Optimizations that may affect the design's routability were skipped
    Info (170200): Optimizations that may affect the design's timing were skipped
Info (170194): Fitter routing operations ending: elapsed time is 00:00:05
Info (11888): Total time spent on timing analysis during the Fitter is 1.42 seconds.
Info (334003): Started post-fitting delay annotation
Info (334004): Delay annotation completed successfully
Info (334003): Started post-fitting delay annotation
Info (334004): Delay annotation completed successfully
Info (11218): Fitter post-fit operations ending: elapsed time is 00:00:01
Info (144001): Generated suppressed messages file /home/vsjain/Desktop/cpre381-toolflow/internal/QuartusWork/output_files/toolflow.fit.smsg
Info: Quartus Prime Fitter was successful. 0 errors, 4 warnings
    Info: Peak virtual memory: 2120 megabytes
    Info: Processing ended: Tue Nov 28 17:00:29 2023
    Info: Elapsed time: 00:00:20
    Info: Total CPU time (on all processors): 00:00:39
Info: *******************************************************************
Info: Running Quartus Prime Assembler
    Info: Version 20.1.1 Build 720 11/11/2020 SJ Standard Edition
    Info: Copyright (C) 2020  Intel Corporation. All rights reserved.
    Info: Your use of Intel Corporation's design tools, logic functions 
    Info: and other software and tools, and any partner logic 
    Info: functions, and any output files from any of the foregoing 
    Info: (including device programming or simulation files), and any 
    Info: associated documentation or information are expressly subject 
    Info: to the terms and conditions of the Intel Program License 
    Info: Subscription Agreement, the Intel Quartus Prime License Agreement,
    Info: the Intel FPGA IP License Agreement, or other applicable license
    Info: agreement, including, without limitation, that your use is for
    Info: the sole purpose of programming logic devices manufactured by
    Info: Intel and sold by Intel or its authorized distributors.  Please
    Info: refer to the applicable agreement for further details, at
    Info: https://fpgasoftware.intel.com/eula.
    Info: Processing started: Tue Nov 28 17:00:30 2023
Info: Command: quartus_asm --read_settings_files=on --write_settings_files=off toolflow -c toolflow
Warning (18236): Number of processors has not been specified which may cause overloading on shared machines.  Set the global assignment NUM_PARALLEL_PROCESSORS in your QSF to an appropriate value for best performance.
Info (115031): Writing out detailed assembly data for power analysis
Info (115030): Assembler is generating device programming files
Info: Quartus Prime Assembler was successful. 0 errors, 1 warning
    Info: Peak virtual memory: 637 megabytes
    Info: Processing ended: Tue Nov 28 17:00:31 2023
    Info: Elapsed time: 00:00:01
    Info: Total CPU time (on all processors): 00:00:02
