[inst #1] addiu $9,$0,-1
Register Write to Reg: 0x09 Val: 0xFFFFFFFF
[inst #2] addiu $10,$0,0
Register Write to Reg: 0x0A Val: 0x00000000
[inst #3] lui $1,4660
Register Write to Reg: 0x01 Val: 0x12340000
[inst #4] ori $1,$1,43981
Register Write to Reg: 0x01 Val: 0x1234ABCD
[inst #5] addu $11,$0,$1
Register Write to Reg: 0x0B Val: 0x1234ABCD
[inst #6] lui $1,-4081
Register Write to Reg: 0x01 Val: 0xF00F0000
[inst #7] ori $1,$1,2448
Register Write to Reg: 0x01 Val: 0xF00F0990
[inst #8] addu $12,$0,$1
Register Write to Reg: 0x0C Val: 0xF00F0990
[inst #9] lui $1,-28360
Register Write to Reg: 0x01 Val: 0x91380000
[inst #10] ori $1,$1,9251
Register Write to Reg: 0x01 Val: 0x91382423
[inst #11] addu $13,$0,$1
Register Write to Reg: 0x0D Val: 0x91382423
[inst #12] lui $1,4112
Register Write to Reg: 0x01 Val: 0x10100000
[inst #13] ori $1,$1,4112
Register Write to Reg: 0x01 Val: 0x10101010
[inst #14] addu $14,$0,$1
Register Write to Reg: 0x0E Val: 0x10101010
[inst #15] lui $1,-12885
Register Write to Reg: 0x01 Val: 0xCDAB0000
[inst #16] ori $1,$1,39030
Register Write to Reg: 0x01 Val: 0xCDAB9876
[inst #17] addu $15,$0,$1
Register Write to Reg: 0x0F Val: 0xCDAB9876
[inst #18] addiu $25,$0,-1
Register Write to Reg: 0x19 Val: 0xFFFFFFFF
[inst #19] nor $16,$25,$9
Register Write to Reg: 0x10 Val: 0x00000000
[inst #20] nor $17,$25,$10
Register Write to Reg: 0x11 Val: 0x00000000
[inst #21] nor $18,$25,$11
Register Write to Reg: 0x12 Val: 0x00000000
[inst #22] nor $19,$25,$12
Register Write to Reg: 0x13 Val: 0x00000000
[inst #23] nor $20,$25,$13
Register Write to Reg: 0x14 Val: 0x00000000
[inst #24] nor $21,$25,$14
Register Write to Reg: 0x15 Val: 0x00000000
[inst #25] nor $22,$25,$15
Register Write to Reg: 0x16 Val: 0x00000000
[inst #26] halt 

