In clock cycle: 3
Register Write to Reg: 0x00 Val: 0x00000000
In clock cycle: 4
Register Write to Reg: 0x08 Val: 0x80000000
In clock cycle: 5
Register Write to Reg: 0x08 Val: 0xFFFFFFFF
In clock cycle: 6
Register Write to Reg: 0x08 Val: 0x7FFF0000
In clock cycle: 7
Register Write to Reg: 0x01 Val: 0x00000000
In clock cycle: 8
Register Write to Reg: 0x01 Val: 0x0000FFFF
In clock cycle: 9
Register Write to Reg: 0x08 Val: 0x7FFFFFFF
In clock cycle: 10
Register Write to Reg: 0x08 Val: 0x00000000
In clock cycle: 11
Register Write to Reg: 0x08 Val: 0x000F0000
In clock cycle: 12
Register Write to Reg: 0x01 Val: 0x00000000
In clock cycle: 13
Register Write to Reg: 0x01 Val: 0x0000F000
In clock cycle: 14
Register Write to Reg: 0x08 Val: 0x000FF000
In clock cycle: 15
Register Write to Reg: 0x08 Val: 0x000FF000
In clock cycle: 16
Register Write to Reg: 0x08 Val: 0x000000FF
In clock cycle: 17
Register Write to Reg: 0x08 Val: 0x80000000
In clock cycle: 18
Register Write to Reg: 0x08 Val: 0xFFFFC000
In clock cycle: 19
Register Write to Reg: 0x08 Val: 0x7FFF0000
In clock cycle: 20
Register Write to Reg: 0x01 Val: 0x00000000
In clock cycle: 21
Register Write to Reg: 0x01 Val: 0x0000FFFF
In clock cycle: 22
Register Write to Reg: 0x08 Val: 0x7FFFFFFF
In clock cycle: 23
Register Write to Reg: 0x08 Val: 0x0000007F
Execution is stopping! Clock Cycle: 24
