In clock cycle: 3
Register Write to Reg: 0x00 Val: 0x00000000
In clock cycle: 4
Register Write to Reg: 0x08 Val: 0x0000001E
In clock cycle: 5
Register Write to Reg: 0x08 Val: 0x0000000F
In clock cycle: 6
Register Write to Reg: 0x08 Val: 0x00000007
In clock cycle: 7
Register Write to Reg: 0x08 Val: 0x00000003
In clock cycle: 8
Register Write to Reg: 0x08 Val: 0x00000001
In clock cycle: 9
Register Write to Reg: 0x08 Val: 0x00000000
In clock cycle: 10
Register Write to Reg: 0x08 Val: 0xFFFFFFCE
In clock cycle: 11
Register Write to Reg: 0x08 Val: 0xFFFFFFE7
In clock cycle: 12
Register Write to Reg: 0x08 Val: 0xFFFFFFF3
In clock cycle: 13
Register Write to Reg: 0x08 Val: 0xFFFFFFF9
In clock cycle: 14
Register Write to Reg: 0x08 Val: 0xFFFFFFFC
In clock cycle: 15
Register Write to Reg: 0x08 Val: 0xFFFFFFFE
In clock cycle: 16
Register Write to Reg: 0x08 Val: 0xFFFFFFFF
Execution is stopping! Clock Cycle: 17
