In clock cycle: 3
Register Write to Reg: 0x00 Val: 0x00000000
In clock cycle: 4
Register Write to Reg: 0x01 Val: 0x87650000
In clock cycle: 5
Register Write to Reg: 0x01 Val: 0x87654321
In clock cycle: 6
Register Write to Reg: 0x09 Val: 0x87654321
In clock cycle: 7
Register Write to Reg: 0x01 Val: 0x12340000
In clock cycle: 8
Register Write to Reg: 0x01 Val: 0x12345678
In clock cycle: 9
Register Write to Reg: 0x0A Val: 0x12345678
In clock cycle: 10
Register Write to Reg: 0x04 Val: 0x02244220
In clock cycle: 11
Register Write to Reg: 0x09 Val: 0x00000000
In clock cycle: 12
Register Write to Reg: 0x0A Val: 0x00000000
In clock cycle: 13
Register Write to Reg: 0x01 Val: 0x44440000
In clock cycle: 14
Register Write to Reg: 0x01 Val: 0x44444444
In clock cycle: 15
Register Write to Reg: 0x09 Val: 0x44444444
In clock cycle: 16
Register Write to Reg: 0x01 Val: 0x55550000
In clock cycle: 17
Register Write to Reg: 0x01 Val: 0x55555555
In clock cycle: 18
Register Write to Reg: 0x0A Val: 0x55555555
In clock cycle: 19
Register Write to Reg: 0x04 Val: 0x44444444
In clock cycle: 20
Register Write to Reg: 0x04 Val: 0x00000000
In clock cycle: 21
Register Write to Reg: 0x01 Val: 0x00000000
In clock cycle: 22
Register Write to Reg: 0x01 Val: 0x0000FFFF
In clock cycle: 23
Register Write to Reg: 0x09 Val: 0x0000FFFF
In clock cycle: 24
Register Write to Reg: 0x01 Val: 0x11110000
In clock cycle: 25
Register Write to Reg: 0x01 Val: 0x11110000
In clock cycle: 26
Register Write to Reg: 0x0A Val: 0x11110000
In clock cycle: 27
Register Write to Reg: 0x04 Val: 0x00000000
In clock cycle: 28
Register Write to Reg: 0x04 Val: 0x00000000
In clock cycle: 29
Register Write to Reg: 0x01 Val: 0x18000000
In clock cycle: 30
Register Write to Reg: 0x01 Val: 0x18008118
In clock cycle: 31
Register Write to Reg: 0x09 Val: 0x18008118
In clock cycle: 32
Register Write to Reg: 0x01 Val: 0x18180000
In clock cycle: 33
Register Write to Reg: 0x01 Val: 0x18181818
In clock cycle: 34
Register Write to Reg: 0x0A Val: 0x18181818
In clock cycle: 35
Register Write to Reg: 0x04 Val: 0x18000018
In clock cycle: 36
Register Write to Reg: 0x04 Val: 0x00000000
Execution is stopping! Clock Cycle: 37
