In clock cycle: 3
Register Write to Reg: 0x00 Val: 0x00000000
In clock cycle: 4
Register Write to Reg: 0x01 Val: 0xE4040000
In clock cycle: 5
Register Write to Reg: 0x02 Val: 0xD01C0000
In clock cycle: 6
Register Write to Reg: 0x03 Val: 0x8F370000
In clock cycle: 7
Register Write to Reg: 0x04 Val: 0x36490000
In clock cycle: 8
Register Write to Reg: 0x05 Val: 0x1F4B0000
In clock cycle: 9
Register Write to Reg: 0x06 Val: 0x22C90000
In clock cycle: 10
Register Write to Reg: 0x07 Val: 0x101A0000
In clock cycle: 11
Register Write to Reg: 0x08 Val: 0x22A60000
In clock cycle: 12
Register Write to Reg: 0x09 Val: 0x7E710000
In clock cycle: 13
Register Write to Reg: 0x0A Val: 0x08E60000
In clock cycle: 14
Register Write to Reg: 0x0B Val: 0xF8530000
In clock cycle: 15
Register Write to Reg: 0x0C Val: 0x27220000
In clock cycle: 16
Register Write to Reg: 0x0D Val: 0x0D5D0000
In clock cycle: 17
Register Write to Reg: 0x0E Val: 0x442E0000
In clock cycle: 18
Register Write to Reg: 0x0F Val: 0x152D0000
In clock cycle: 19
Register Write to Reg: 0x10 Val: 0x81200000
In clock cycle: 20
Register Write to Reg: 0x11 Val: 0xE6270000
In clock cycle: 21
Register Write to Reg: 0x12 Val: 0xC6880000
In clock cycle: 22
Register Write to Reg: 0x13 Val: 0x59D00000
In clock cycle: 23
Register Write to Reg: 0x14 Val: 0x7ED90000
In clock cycle: 24
Register Write to Reg: 0x15 Val: 0x1D7A0000
In clock cycle: 25
Register Write to Reg: 0x16 Val: 0x2A450000
In clock cycle: 26
Register Write to Reg: 0x17 Val: 0xB3F90000
In clock cycle: 27
Register Write to Reg: 0x18 Val: 0x72470000
In clock cycle: 28
Register Write to Reg: 0x19 Val: 0xBDEE0000
In clock cycle: 29
Register Write to Reg: 0x1A Val: 0x83A70000
In clock cycle: 30
Register Write to Reg: 0x1B Val: 0xC60F0000
In clock cycle: 31
Register Write to Reg: 0x1C Val: 0x3C3A0000
In clock cycle: 32
Register Write to Reg: 0x1D Val: 0x5D8A0000
In clock cycle: 33
Register Write to Reg: 0x1E Val: 0xDB320000
In clock cycle: 34
Register Write to Reg: 0x1F Val: 0x120B0000
Execution is stopping! Clock Cycle: 35
