In clock cycle: 3
Register Write to Reg: 0x00 Val: 0x00000000
In clock cycle: 4
Register Write to Reg: 0x08 Val: 0x00400000
In clock cycle: 5
Register Write to Reg: 0x08 Val: 0x00400024
In clock cycle: 6
Register Write to Reg: 0x04 Val: 0x00400000
In clock cycle: 7
Register Write to Reg: 0x04 Val: 0x00400028
In clock cycle: 8
Register Write to Reg: 0x10 Val: 0x00400000
In clock cycle: 9
Register Write to Reg: 0x10 Val: 0x0040002C
In clock cycle: 10
Register Write to Reg: 0x1F Val: 0x00400000
In clock cycle: 11
Register Write to Reg: 0x1F Val: 0x00400030
In clock cycle: 15
Register Write to Reg: 0x00 Val: 0x00000000
In clock cycle: 19
Register Write to Reg: 0x00 Val: 0x00000000
In clock cycle: 23
Register Write to Reg: 0x00 Val: 0x00000000
In clock cycle: 27
Register Write to Reg: 0x00 Val: 0x00000000
Execution is stopping! Clock Cycle: 28
