In clock cycle: 3
Register Write to Reg: 0x00 Val: 0x00000000
In clock cycle: 4
Register Write to Reg: 0x08 Val: 0xFFFFFFFE
In clock cycle: 5
Register Write to Reg: 0x09 Val: 0xFFFFFFFB
In clock cycle: 6
Register Write to Reg: 0x08 Val: 0xFFFFFFF9
In clock cycle: 7
Register Write to Reg: 0x0A Val: 0xFFFFFFF6
In clock cycle: 8
Register Write to Reg: 0x08 Val: 0xFFFFFFEF
In clock cycle: 9
Register Write to Reg: 0x09 Val: 0xFFFFFFEC
In clock cycle: 10
Register Write to Reg: 0x08 Val: 0xFFFFFFDB
In clock cycle: 11
Register Write to Reg: 0x0A Val: 0xFFFFFFD8
In clock cycle: 12
Register Write to Reg: 0x08 Val: 0xFFFFFFB3
In clock cycle: 13
Register Write to Reg: 0x09 Val: 0xFFFFFFB0
In clock cycle: 14
Register Write to Reg: 0x08 Val: 0xFFFFFF63
Execution is stopping! Clock Cycle: 15
