In clock cycle: 3
Register Write to Reg: 0x00 Val: 0x00000000
In clock cycle: 4
Register Write to Reg: 0x1E Val: 0x00000002
In clock cycle: 5
Register Write to Reg: 0x01 Val: 0xFFFFF6DC
In clock cycle: 6
Register Write to Reg: 0x03 Val: 0x000022A7
In clock cycle: 7
Register Write to Reg: 0x0A Val: 0x00000000
In clock cycle: 8
Register Write to Reg: 0x1E Val: 0x00000002
In clock cycle: 9
Register Write to Reg: 0x1E Val: 0x00000004
In clock cycle: 10
Register Write to Reg: 0x0A Val: 0x00000001
In clock cycle: 11
Register Write to Reg: 0x1E Val: 0x00000005
In clock cycle: 12
Register Write to Reg: 0x1E Val: 0x0000000A
Execution is stopping! Clock Cycle: 13
