[inst #1] lui $8,4097
Register Write to Reg: 0x08 Val: 0x10010000
[inst #2] ori $8,$8,4
Register Write to Reg: 0x08 Val: 0x10010004
[inst #3] lw $9,-4($8)
Register Write to Reg: 0x09 Val: 0x00000006
[inst #4] addi $9,$9,-1
Register Write to Reg: 0x09 Val: 0x00000005
[inst #5] addi $10,$0,-1
Register Write to Reg: 0x0A Val: 0xFFFFFFFF
[inst #6] addi $10,$10,1
Register Write to Reg: 0x0A Val: 0x00000000
[inst #7] slt $15,$10,$9
Register Write to Reg: 0x0F Val: 0x00000001
[inst #8] beq $15,$0,18
[inst #9] add $12,$0,$0
Register Write to Reg: 0x0C Val: 0x00000000
[inst #10] sub $13,$9,$10
Register Write to Reg: 0x0D Val: 0x00000005
[inst #11] sll $13,$13,2
Register Write to Reg: 0x0D Val: 0x00000014
[inst #12] addi $11,$0,-4
Register Write to Reg: 0x0B Val: 0xFFFFFFFC
[inst #13] addi $11,$11,4
Register Write to Reg: 0x0B Val: 0x00000000
[inst #14] slt $15,$11,$13
Register Write to Reg: 0x0F Val: 0x00000001
[inst #15] beq $15,$0,9
[inst #16] add $14,$8,$11
Register Write to Reg: 0x0E Val: 0x10010004
[inst #17] lw $24,4($14)
Register Write to Reg: 0x18 Val: 0x0000004C
[inst #18] lw $25,0($14)
Register Write to Reg: 0x19 Val: 0x00000017
[inst #19] slt $15,$24,$25
Register Write to Reg: 0x0F Val: 0x00000000
[inst #20] beq $15,$0,-8
[inst #21] addi $11,$11,4
Register Write to Reg: 0x0B Val: 0x00000004
[inst #22] slt $15,$11,$13
Register Write to Reg: 0x0F Val: 0x00000001
[inst #23] beq $15,$0,9
[inst #24] add $14,$8,$11
Register Write to Reg: 0x0E Val: 0x10010008
[inst #25] lw $24,4($14)
Register Write to Reg: 0x18 Val: 0x0000000E
[inst #26] lw $25,0($14)
Register Write to Reg: 0x19 Val: 0x0000004C
[inst #27] slt $15,$24,$25
Register Write to Reg: 0x0F Val: 0x00000001
[inst #28] beq $15,$0,-8
[inst #29] sw $25,4($14)
Memory Write to Addr: 0x1001000C Val: 0x0000004C
[inst #30] sw $24,0($14)
Memory Write to Addr: 0x10010008 Val: 0x0000000E
[inst #31] ori $12,$12,1
Register Write to Reg: 0x0C Val: 0x00000001
[inst #32] j 4194352
[inst #33] addi $11,$11,4
Register Write to Reg: 0x0B Val: 0x00000008
[inst #34] slt $15,$11,$13
Register Write to Reg: 0x0F Val: 0x00000001
[inst #35] beq $15,$0,9
[inst #36] add $14,$8,$11
Register Write to Reg: 0x0E Val: 0x1001000C
[inst #37] lw $24,4($14)
Register Write to Reg: 0x18 Val: 0xFFFFFFD3
[inst #38] lw $25,0($14)
Register Write to Reg: 0x19 Val: 0x0000004C
[inst #39] slt $15,$24,$25
Register Write to Reg: 0x0F Val: 0x00000001
[inst #40] beq $15,$0,-8
[inst #41] sw $25,4($14)
Memory Write to Addr: 0x10010010 Val: 0x0000004C
[inst #42] sw $24,0($14)
Memory Write to Addr: 0x1001000C Val: 0xFFFFFFD3
[inst #43] ori $12,$12,1
Register Write to Reg: 0x0C Val: 0x00000001
[inst #44] j 4194352
[inst #45] addi $11,$11,4
Register Write to Reg: 0x0B Val: 0x0000000C
[inst #46] slt $15,$11,$13
Register Write to Reg: 0x0F Val: 0x00000001
[inst #47] beq $15,$0,9
[inst #48] add $14,$8,$11
Register Write to Reg: 0x0E Val: 0x10010010
[inst #49] lw $24,4($14)
Register Write to Reg: 0x18 Val: 0x0000000F
[inst #50] lw $25,0($14)
Register Write to Reg: 0x19 Val: 0x0000004C
[inst #51] slt $15,$24,$25
Register Write to Reg: 0x0F Val: 0x00000001
[inst #52] beq $15,$0,-8
[inst #53] sw $25,4($14)
Memory Write to Addr: 0x10010014 Val: 0x0000004C
[inst #54] sw $24,0($14)
Memory Write to Addr: 0x10010010 Val: 0x0000000F
[inst #55] ori $12,$12,1
Register Write to Reg: 0x0C Val: 0x00000001
[inst #56] j 4194352
[inst #57] addi $11,$11,4
Register Write to Reg: 0x0B Val: 0x00000010
[inst #58] slt $15,$11,$13
Register Write to Reg: 0x0F Val: 0x00000001
[inst #59] beq $15,$0,9
[inst #60] add $14,$8,$11
Register Write to Reg: 0x0E Val: 0x10010014
[inst #61] lw $24,4($14)
Register Write to Reg: 0x18 Val: 0x00000000
[inst #62] lw $25,0($14)
Register Write to Reg: 0x19 Val: 0x0000004C
[inst #63] slt $15,$24,$25
Register Write to Reg: 0x0F Val: 0x00000001
[inst #64] beq $15,$0,-8
[inst #65] sw $25,4($14)
Memory Write to Addr: 0x10010018 Val: 0x0000004C
[inst #66] sw $24,0($14)
Memory Write to Addr: 0x10010014 Val: 0x00000000
[inst #67] ori $12,$12,1
Register Write to Reg: 0x0C Val: 0x00000001
[inst #68] j 4194352
[inst #69] addi $11,$11,4
Register Write to Reg: 0x0B Val: 0x00000014
[inst #70] slt $15,$11,$13
Register Write to Reg: 0x0F Val: 0x00000000
[inst #71] beq $15,$0,9
[inst #72] blez $12,1
[inst #73] j 4194324
[inst #74] addi $10,$10,1
Register Write to Reg: 0x0A Val: 0x00000001
[inst #75] slt $15,$10,$9
Register Write to Reg: 0x0F Val: 0x00000001
[inst #76] beq $15,$0,18
[inst #77] add $12,$0,$0
Register Write to Reg: 0x0C Val: 0x00000000
[inst #78] sub $13,$9,$10
Register Write to Reg: 0x0D Val: 0x00000004
[inst #79] sll $13,$13,2
Register Write to Reg: 0x0D Val: 0x00000010
[inst #80] addi $11,$0,-4
Register Write to Reg: 0x0B Val: 0xFFFFFFFC
[inst #81] addi $11,$11,4
Register Write to Reg: 0x0B Val: 0x00000000
[inst #82] slt $15,$11,$13
Register Write to Reg: 0x0F Val: 0x00000001
[inst #83] beq $15,$0,9
[inst #84] add $14,$8,$11
Register Write to Reg: 0x0E Val: 0x10010004
[inst #85] lw $24,4($14)
Register Write to Reg: 0x18 Val: 0x0000000E
[inst #86] lw $25,0($14)
Register Write to Reg: 0x19 Val: 0x00000017
[inst #87] slt $15,$24,$25
Register Write to Reg: 0x0F Val: 0x00000001
[inst #88] beq $15,$0,-8
[inst #89] sw $25,4($14)
Memory Write to Addr: 0x10010008 Val: 0x00000017
[inst #90] sw $24,0($14)
Memory Write to Addr: 0x10010004 Val: 0x0000000E
[inst #91] ori $12,$12,1
Register Write to Reg: 0x0C Val: 0x00000001
[inst #92] j 4194352
[inst #93] addi $11,$11,4
Register Write to Reg: 0x0B Val: 0x00000004
[inst #94] slt $15,$11,$13
Register Write to Reg: 0x0F Val: 0x00000001
[inst #95] beq $15,$0,9
[inst #96] add $14,$8,$11
Register Write to Reg: 0x0E Val: 0x10010008
[inst #97] lw $24,4($14)
Register Write to Reg: 0x18 Val: 0xFFFFFFD3
[inst #98] lw $25,0($14)
Register Write to Reg: 0x19 Val: 0x00000017
[inst #99] slt $15,$24,$25
Register Write to Reg: 0x0F Val: 0x00000001
[inst #100] beq $15,$0,-8
[inst #101] sw $25,4($14)
Memory Write to Addr: 0x1001000C Val: 0x00000017
[inst #102] sw $24,0($14)
Memory Write to Addr: 0x10010008 Val: 0xFFFFFFD3
[inst #103] ori $12,$12,1
Register Write to Reg: 0x0C Val: 0x00000001
[inst #104] j 4194352
[inst #105] addi $11,$11,4
Register Write to Reg: 0x0B Val: 0x00000008
[inst #106] slt $15,$11,$13
Register Write to Reg: 0x0F Val: 0x00000001
[inst #107] beq $15,$0,9
[inst #108] add $14,$8,$11
Register Write to Reg: 0x0E Val: 0x1001000C
[inst #109] lw $24,4($14)
Register Write to Reg: 0x18 Val: 0x0000000F
[inst #110] lw $25,0($14)
Register Write to Reg: 0x19 Val: 0x00000017
[inst #111] slt $15,$24,$25
Register Write to Reg: 0x0F Val: 0x00000001
[inst #112] beq $15,$0,-8
[inst #113] sw $25,4($14)
Memory Write to Addr: 0x10010010 Val: 0x00000017
[inst #114] sw $24,0($14)
Memory Write to Addr: 0x1001000C Val: 0x0000000F
[inst #115] ori $12,$12,1
Register Write to Reg: 0x0C Val: 0x00000001
[inst #116] j 4194352
[inst #117] addi $11,$11,4
Register Write to Reg: 0x0B Val: 0x0000000C
[inst #118] slt $15,$11,$13
Register Write to Reg: 0x0F Val: 0x00000001
[inst #119] beq $15,$0,9
[inst #120] add $14,$8,$11
Register Write to Reg: 0x0E Val: 0x10010010
[inst #121] lw $24,4($14)
Register Write to Reg: 0x18 Val: 0x00000000
[inst #122] lw $25,0($14)
Register Write to Reg: 0x19 Val: 0x00000017
[inst #123] slt $15,$24,$25
Register Write to Reg: 0x0F Val: 0x00000001
[inst #124] beq $15,$0,-8
[inst #125] sw $25,4($14)
Memory Write to Addr: 0x10010014 Val: 0x00000017
[inst #126] sw $24,0($14)
Memory Write to Addr: 0x10010010 Val: 0x00000000
[inst #127] ori $12,$12,1
Register Write to Reg: 0x0C Val: 0x00000001
[inst #128] j 4194352
[inst #129] addi $11,$11,4
Register Write to Reg: 0x0B Val: 0x00000010
[inst #130] slt $15,$11,$13
Register Write to Reg: 0x0F Val: 0x00000000
[inst #131] beq $15,$0,9
[inst #132] blez $12,1
[inst #133] j 4194324
[inst #134] addi $10,$10,1
Register Write to Reg: 0x0A Val: 0x00000002
[inst #135] slt $15,$10,$9
Register Write to Reg: 0x0F Val: 0x00000001
[inst #136] beq $15,$0,18
[inst #137] add $12,$0,$0
Register Write to Reg: 0x0C Val: 0x00000000
[inst #138] sub $13,$9,$10
Register Write to Reg: 0x0D Val: 0x00000003
[inst #139] sll $13,$13,2
Register Write to Reg: 0x0D Val: 0x0000000C
[inst #140] addi $11,$0,-4
Register Write to Reg: 0x0B Val: 0xFFFFFFFC
[inst #141] addi $11,$11,4
Register Write to Reg: 0x0B Val: 0x00000000
[inst #142] slt $15,$11,$13
Register Write to Reg: 0x0F Val: 0x00000001
[inst #143] beq $15,$0,9
[inst #144] add $14,$8,$11
Register Write to Reg: 0x0E Val: 0x10010004
[inst #145] lw $24,4($14)
Register Write to Reg: 0x18 Val: 0xFFFFFFD3
[inst #146] lw $25,0($14)
Register Write to Reg: 0x19 Val: 0x0000000E
[inst #147] slt $15,$24,$25
Register Write to Reg: 0x0F Val: 0x00000001
[inst #148] beq $15,$0,-8
[inst #149] sw $25,4($14)
Memory Write to Addr: 0x10010008 Val: 0x0000000E
[inst #150] sw $24,0($14)
Memory Write to Addr: 0x10010004 Val: 0xFFFFFFD3
[inst #151] ori $12,$12,1
Register Write to Reg: 0x0C Val: 0x00000001
[inst #152] j 4194352
[inst #153] addi $11,$11,4
Register Write to Reg: 0x0B Val: 0x00000004
[inst #154] slt $15,$11,$13
Register Write to Reg: 0x0F Val: 0x00000001
[inst #155] beq $15,$0,9
[inst #156] add $14,$8,$11
Register Write to Reg: 0x0E Val: 0x10010008
[inst #157] lw $24,4($14)
Register Write to Reg: 0x18 Val: 0x0000000F
[inst #158] lw $25,0($14)
Register Write to Reg: 0x19 Val: 0x0000000E
[inst #159] slt $15,$24,$25
Register Write to Reg: 0x0F Val: 0x00000000
[inst #160] beq $15,$0,-8
[inst #161] addi $11,$11,4
Register Write to Reg: 0x0B Val: 0x00000008
[inst #162] slt $15,$11,$13
Register Write to Reg: 0x0F Val: 0x00000001
[inst #163] beq $15,$0,9
[inst #164] add $14,$8,$11
Register Write to Reg: 0x0E Val: 0x1001000C
[inst #165] lw $24,4($14)
Register Write to Reg: 0x18 Val: 0x00000000
[inst #166] lw $25,0($14)
Register Write to Reg: 0x19 Val: 0x0000000F
[inst #167] slt $15,$24,$25
Register Write to Reg: 0x0F Val: 0x00000001
[inst #168] beq $15,$0,-8
[inst #169] sw $25,4($14)
Memory Write to Addr: 0x10010010 Val: 0x0000000F
[inst #170] sw $24,0($14)
Memory Write to Addr: 0x1001000C Val: 0x00000000
[inst #171] ori $12,$12,1
Register Write to Reg: 0x0C Val: 0x00000001
[inst #172] j 4194352
[inst #173] addi $11,$11,4
Register Write to Reg: 0x0B Val: 0x0000000C
[inst #174] slt $15,$11,$13
Register Write to Reg: 0x0F Val: 0x00000000
[inst #175] beq $15,$0,9
[inst #176] blez $12,1
[inst #177] j 4194324
[inst #178] addi $10,$10,1
Register Write to Reg: 0x0A Val: 0x00000003
[inst #179] slt $15,$10,$9
Register Write to Reg: 0x0F Val: 0x00000001
[inst #180] beq $15,$0,18
[inst #181] add $12,$0,$0
Register Write to Reg: 0x0C Val: 0x00000000
[inst #182] sub $13,$9,$10
Register Write to Reg: 0x0D Val: 0x00000002
[inst #183] sll $13,$13,2
Register Write to Reg: 0x0D Val: 0x00000008
[inst #184] addi $11,$0,-4
Register Write to Reg: 0x0B Val: 0xFFFFFFFC
[inst #185] addi $11,$11,4
Register Write to Reg: 0x0B Val: 0x00000000
[inst #186] slt $15,$11,$13
Register Write to Reg: 0x0F Val: 0x00000001
[inst #187] beq $15,$0,9
[inst #188] add $14,$8,$11
Register Write to Reg: 0x0E Val: 0x10010004
[inst #189] lw $24,4($14)
Register Write to Reg: 0x18 Val: 0x0000000E
[inst #190] lw $25,0($14)
Register Write to Reg: 0x19 Val: 0xFFFFFFD3
[inst #191] slt $15,$24,$25
Register Write to Reg: 0x0F Val: 0x00000000
[inst #192] beq $15,$0,-8
[inst #193] addi $11,$11,4
Register Write to Reg: 0x0B Val: 0x00000004
[inst #194] slt $15,$11,$13
Register Write to Reg: 0x0F Val: 0x00000001
[inst #195] beq $15,$0,9
[inst #196] add $14,$8,$11
Register Write to Reg: 0x0E Val: 0x10010008
[inst #197] lw $24,4($14)
Register Write to Reg: 0x18 Val: 0x00000000
[inst #198] lw $25,0($14)
Register Write to Reg: 0x19 Val: 0x0000000E
[inst #199] slt $15,$24,$25
Register Write to Reg: 0x0F Val: 0x00000001
[inst #200] beq $15,$0,-8
[inst #201] sw $25,4($14)
Memory Write to Addr: 0x1001000C Val: 0x0000000E
[inst #202] sw $24,0($14)
Memory Write to Addr: 0x10010008 Val: 0x00000000
[inst #203] ori $12,$12,1
Register Write to Reg: 0x0C Val: 0x00000001
[inst #204] j 4194352
[inst #205] addi $11,$11,4
Register Write to Reg: 0x0B Val: 0x00000008
[inst #206] slt $15,$11,$13
Register Write to Reg: 0x0F Val: 0x00000000
[inst #207] beq $15,$0,9
[inst #208] blez $12,1
[inst #209] j 4194324
[inst #210] addi $10,$10,1
Register Write to Reg: 0x0A Val: 0x00000004
[inst #211] slt $15,$10,$9
Register Write to Reg: 0x0F Val: 0x00000001
[inst #212] beq $15,$0,18
[inst #213] add $12,$0,$0
Register Write to Reg: 0x0C Val: 0x00000000
[inst #214] sub $13,$9,$10
Register Write to Reg: 0x0D Val: 0x00000001
[inst #215] sll $13,$13,2
Register Write to Reg: 0x0D Val: 0x00000004
[inst #216] addi $11,$0,-4
Register Write to Reg: 0x0B Val: 0xFFFFFFFC
[inst #217] addi $11,$11,4
Register Write to Reg: 0x0B Val: 0x00000000
[inst #218] slt $15,$11,$13
Register Write to Reg: 0x0F Val: 0x00000001
[inst #219] beq $15,$0,9
[inst #220] add $14,$8,$11
Register Write to Reg: 0x0E Val: 0x10010004
[inst #221] lw $24,4($14)
Register Write to Reg: 0x18 Val: 0x00000000
[inst #222] lw $25,0($14)
Register Write to Reg: 0x19 Val: 0xFFFFFFD3
[inst #223] slt $15,$24,$25
Register Write to Reg: 0x0F Val: 0x00000000
[inst #224] beq $15,$0,-8
[inst #225] addi $11,$11,4
Register Write to Reg: 0x0B Val: 0x00000004
[inst #226] slt $15,$11,$13
Register Write to Reg: 0x0F Val: 0x00000000
[inst #227] beq $15,$0,9
[inst #228] blez $12,1
[inst #229] halt 

